[1110/191017.257:ERROR:directory_reader_win.cc(43)] FindFirstFile: Системе не удается найти указанный путь. (0x3)
[1110/201645.608:ERROR:directory_reader_win.cc(43)] FindFirstFile: Системе не удается найти указанный путь. (0x3)
[1110/215511.915:ERROR:registration_protocol_win.cc(131)] TransactNamedPipe: Канал был закрыт. (0x6D)
[1110/220907.043:ERROR:directory_reader_win.cc(43)] FindFirstFile: Системе не удается найти указанный путь. (0x3)
[1110/221120.539:ERROR:directory_reader_win.cc(43)] FindFirstFile: Системе не удается найти указанный путь. (0x3)
[1110/230416.490:ERROR:process_info.cc(359)] UncheckedAllocate
[1110/230416.536:ERROR:filesystem_win.cc(129)] GetFileAttributes C:\Users\User\AppData\Local\Temp\scoped_dir11328_1869331364\Crashpad\attachments\30351995-57ec-48ad-a543-65e9b266fead: Системе не удается найти указанный путь. (0x3)
[1110/230416.735:ERROR:scoped_process_suspend.cc(40)] NtResumeProcess: Попытка доступа к процессу, выполняющему процедуру завершения. (0xc000010a)
[1110/231442.587:ERROR:directory_reader_win.cc(43)] FindFirstFile: Системе не удается найти указанный путь. (0x3)
[1110/232313.555:ERROR:process_info.cc(359)] UncheckedAllocate
[1110/232313.602:ERROR:filesystem_win.cc(129)] GetFileAttributes C:\Users\User\AppData\Local\Temp\scoped_dir4272_700629281\Crashpad\attachments\a33b92e7-45bd-466c-aab8-e3f59e472b64: Системе не удается найти указанный путь. (0x3)
[1111/002555.437:ERROR:process_info.cc(359)] UncheckedAllocate
[1111/002555.471:ERROR:filesystem_win.cc(129)] GetFileAttributes C:\Users\User\AppData\Local\Temp\scoped_dir8804_526669344\Crashpad\attachments\9e9aaa2f-0ec2-4db8-bb28-cb4587f0a386: Системе не удается найти указанный путь. (0x3)
[1111/002600.423:ERROR:process_info.cc(359)] UncheckedAllocate
[1111/002725.590:ERROR:filesystem_win.cc(129)] GetFileAttributes C:\Users\User\AppData\Local\Temp\scoped_dir9748_349373478\Crashpad\attachments\46997970-1218-49b2-ba23-5a28dbdb4752: Системе не удается найти указанный путь. (0x3)
[1111/004408.977:ERROR:process_info.cc(359)] UncheckedAllocate
[1111/004409.007:ERROR:filesystem_win.cc(129)] GetFileAttributes C:\Users\User\AppData\Local\Temp\scoped_dir4088_1417952375\Crashpad\attachments\736ebc2f-6c94-4db4-92dd-c8296de979b4: Системе не удается найти указанный путь. (0x3)
[1111/004409.021:ERROR:http_transport_win.cc(155)] WinHttpOpen: Операция успешно завершена. (0x0)
[1111/005442.751:ERROR:process_info.cc(359)] UncheckedAllocate
[1111/005442.770:ERROR:filesystem_win.cc(129)] GetFileAttributes C:\Users\User\AppData\Local\Temp\scoped_dir1480_667014862\Crashpad\attachments\62eb8a01-cb3a-4b60-ab0f-28791098d78f: Системе не удается найти указанный путь. (0x3)
[1111/005443.266:ERROR:process_info.cc(359)] UncheckedAllocate
[1111/010144.079:ERROR:process_info.cc(359)] UncheckedAllocate
[1111/010144.149:ERROR:filesystem_win.cc(129)] GetFileAttributes C:\Users\User\AppData\Local\Temp\scoped_dir8244_943702469\Crashpad\attachments\247772c4-943b-474b-a1ac-a91bee458948: Системе не удается найти указанный путь. (0x3)
[1111/010145.154:ERROR:process_info.cc(359)] UncheckedAllocate
[1111/010145.970:ERROR:process_info.cc(359)] UncheckedAllocate
[1111/010432.693:ERROR:process_info.cc(359)] UncheckedAllocate
[1111/010432.708:ERROR:filesystem_win.cc(129)] GetFileAttributes C:\Users\User\AppData\Local\Temp\scoped_dir2588_674081929\Crashpad\attachments\470726bc-653b-48a6-a732-c04948e26eff: Системе не удается найти указанный путь. (0x3)
[1111/010432.718:ERROR:http_transport_win.cc(155)] WinHttpOpen: Операция успешно завершена. (0x0)
[1111/010444.838:ERROR:process_info.cc(359)] UncheckedAllocate
[1111/010444.878:ERROR:filesystem_win.cc(129)] GetFileAttributes C:\Users\User\AppData\Local\Temp\scoped_dir7856_1931921496\Crashpad\attachments\5c599adf-f9e9-48e8-9fc4-ecb81cbd120f: Системе не удается найти указанный путь. (0x3)
[1111/010444.886:ERROR:process_info.cc(359)] UncheckedAllocate
[1111/010509.700:ERROR:filesystem_win.cc(129)] GetFileAttributes C:\Users\User\AppData\Local\Temp\scoped_dir3616_1513194655\Crashpad\attachments\709e15cb-5609-457a-922b-e4264f30e269: Системе не удается найти указанный путь. (0x3)
[1111/153544.385:ERROR:process_info.cc(359)] UncheckedAllocate
[1111/153544.408:ERROR:filesystem_win.cc(129)] GetFileAttributes C:\Users\User\AppData\Local\Temp\scoped_dir13376_43928861\Crashpad\attachments\47ab3d0f-bddb-4445-9446-c98b85fbbbf8: Системе не удается найти указанный путь. (0x3)
[1111/153544.451:ERROR:http_transport_win.cc(276)] WinHttpSendRequest: Операция успешно завершена. (0x0)
[1111/155447.676:ERROR:directory_reader_win.cc(43)] FindFirstFile: Системе не удается найти указанный путь. (0x3)
[1111/171533.588:ERROR:directory_reader_win.cc(43)] FindFirstFile: Системе не удается найти указанный путь. (0x3)
[1111/182127.509:ERROR:process_info.cc(359)] UncheckedAllocate
[1111/182127.555:ERROR:filesystem_win.cc(129)] GetFileAttributes C:\Users\User\AppData\Local\Temp\scoped_dir6764_1462440928\Crashpad\attachments\84f5fc18-383c-487a-9aa1-765dbff3ab10: Системе не удается найти указанный путь. (0x3)
[1111/182127.578:ERROR:http_transport_win.cc(155)] WinHttpOpen: Операция успешно завершена. (0x0)
[1112/165635.030:ERROR:directory_reader_win.cc(43)] FindFirstFile: Системе не удается найти указанный путь. (0x3)
[1112/172307.218:ERROR:directory_reader_win.cc(43)] FindFirstFile: Системе не удается найти указанный путь. (0x3)
